[2023-11-27 01:22:07]: Peer 1002 has the preferred neighbors [].
 
[2023-11-27 01:22:07]: Peer 1002 makes a connection to Peer [1001].
 
[2023-11-27 01:22:07]: Peer 1002 received the 'not interested' message from [1001].
 
[2023-11-27 01:22:10]: Peer 1002 is unchoked by [1001].
 
[2023-11-27 01:22:10]: Peer [1002] has downloaded the piece [115] from [1001]. Now the number of pieces it has is [1]. 
[2023-11-27 01:22:10]: Peer [1002] has downloaded the piece [62] from [1001]. Now the number of pieces it has is [2]. 
[2023-11-27 01:22:10]: Peer [1002] has downloaded the piece [23] from [1001]. Now the number of pieces it has is [3]. 
[2023-11-27 01:22:12]: Peer 1002 has the preferred neighbors [].
 
[2023-11-27 01:22:15]: Peer 1002 is choked by [1001].
 
[2023-11-27 01:22:15]: Peer 1002 is unchoked by [1001].
 
[2023-11-27 01:22:15]: Peer 1002 is unchoked by [1001].
 
[2023-11-27 01:22:15]: Peer [1002] has downloaded the piece [50] from [1001]. Now the number of pieces it has is [4]. 
[2023-11-27 01:22:15]: Peer [1002] has downloaded the piece [86] from [1001]. Now the number of pieces it has is [5]. 
[2023-11-27 01:22:15]: Peer [1002] has downloaded the piece [36] from [1001]. Now the number of pieces it has is [6]. 
[2023-11-27 01:22:15]: Peer [1002] has downloaded the piece [121] from [1001]. Now the number of pieces it has is [7]. 
[2023-11-27 01:22:15]: Peer [1002] has downloaded the piece [15] from [1001]. Now the number of pieces it has is [8]. 
[2023-11-27 01:22:15]: Peer [1002] has downloaded the piece [4] from [1001]. Now the number of pieces it has is [9]. 
[2023-11-27 01:22:15]: Peer [1002] has downloaded the piece [9] from [1001]. Now the number of pieces it has is [10]. 
[2023-11-27 01:22:15]: Peer [1002] has downloaded the piece [22] from [1001]. Now the number of pieces it has is [11]. 
[2023-11-27 01:22:15]: Peer [1002] has downloaded the piece [6] from [1001]. Now the number of pieces it has is [12]. 
[2023-11-27 01:22:15]: Peer [1002] has downloaded the piece [98] from [1001]. Now the number of pieces it has is [13]. 
[2023-11-27 01:22:15]: Peer [1002] has downloaded the piece [90] from [1001]. Now the number of pieces it has is [14]. 
[2023-11-27 01:22:15]: Peer [1002] has downloaded the piece [11] from [1001]. Now the number of pieces it has is [15]. 
[2023-11-27 01:22:15]: Peer [1002] has downloaded the piece [82] from [1001]. Now the number of pieces it has is [16]. 
[2023-11-27 01:22:15]: Peer [1002] has downloaded the piece [78] from [1001]. Now the number of pieces it has is [17]. 
[2023-11-27 01:22:15]: Peer [1002] has downloaded the piece [35] from [1001]. Now the number of pieces it has is [18]. 
[2023-11-27 01:22:15]: Peer [1002] has downloaded the piece [19] from [1001]. Now the number of pieces it has is [19]. 
[2023-11-27 01:22:15]: Peer [1002] has downloaded the piece [132] from [1001]. Now the number of pieces it has is [20]. 
[2023-11-27 01:22:15]: Peer [1002] has downloaded the piece [118] from [1001]. Now the number of pieces it has is [21]. 
[2023-11-27 01:22:15]: Peer [1002] has downloaded the piece [126] from [1001]. Now the number of pieces it has is [22]. 
[2023-11-27 01:22:15]: Peer [1002] has downloaded the piece [91] from [1001]. Now the number of pieces it has is [23]. 
[2023-11-27 01:22:15]: Peer [1002] has downloaded the piece [31] from [1001]. Now the number of pieces it has is [24]. 
[2023-11-27 01:22:15]: Peer [1002] has downloaded the piece [99] from [1001]. Now the number of pieces it has is [25]. 
[2023-11-27 01:22:15]: Peer [1002] has downloaded the piece [110] from [1001]. Now the number of pieces it has is [26]. 
[2023-11-27 01:22:15]: Peer [1002] has downloaded the piece [125] from [1001]. Now the number of pieces it has is [27]. 
[2023-11-27 01:22:15]: Peer [1002] has downloaded the piece [33] from [1001]. Now the number of pieces it has is [28]. 
[2023-11-27 01:22:15]: Peer [1002] has downloaded the piece [79] from [1001]. Now the number of pieces it has is [29]. 
[2023-11-27 01:22:15]: Peer [1002] has downloaded the piece [63] from [1001]. Now the number of pieces it has is [30]. 
[2023-11-27 01:22:15]: Peer [1002] has downloaded the piece [47] from [1001]. Now the number of pieces it has is [31]. 
[2023-11-27 01:22:17]: Peer 1002 has the preferred neighbors [].
 
[2023-11-27 01:22:20]: Peer 1002 is unchoked by [1001].
 
[2023-11-27 01:22:20]: Peer [1002] has downloaded the piece [97] from [1001]. Now the number of pieces it has is [32]. 
[2023-11-27 01:22:20]: Peer [1002] has downloaded the piece [65] from [1001]. Now the number of pieces it has is [33]. 
[2023-11-27 01:22:20]: Peer [1002] has downloaded the piece [5] from [1001]. Now the number of pieces it has is [34]. 
[2023-11-27 01:22:20]: Peer [1002] has downloaded the piece [113] from [1001]. Now the number of pieces it has is [35]. 
[2023-11-27 01:22:22]: Peer 1002 has the preferred neighbors [].
 
[2023-11-27 01:22:25]: Peer 1002 is unchoked by [1001].
 
[2023-11-27 01:22:25]: Peer 1002 is unchoked by [1001].
 
[2023-11-27 01:22:25]: Peer [1002] has downloaded the piece [43] from [1001]. Now the number of pieces it has is [36]. 
[2023-11-27 01:22:25]: Peer [1002] has downloaded the piece [59] from [1001]. Now the number of pieces it has is [37]. 
[2023-11-27 01:22:25]: Peer [1002] has downloaded the piece [10] from [1001]. Now the number of pieces it has is [38]. 
[2023-11-27 01:22:27]: Peer 1002 has the preferred neighbors [].
 
[2023-11-27 01:22:30]: Peer 1002 is unchoked by [1001].
 
[2023-11-27 01:22:30]: Peer [1002] has downloaded the piece [45] from [1001]. Now the number of pieces it has is [39]. 
[2023-11-27 01:22:30]: Peer [1002] has downloaded the piece [87] from [1001]. Now the number of pieces it has is [40]. 
[2023-11-27 01:22:32]: Peer 1002 has the preferred neighbors [].
 
[2023-11-27 01:22:35]: Peer 1002 is unchoked by [1001].
 
[2023-11-27 01:22:35]: Peer 1002 is unchoked by [1001].
 
[2023-11-27 01:22:35]: Peer [1002] has downloaded the piece [123] from [1001]. Now the number of pieces it has is [41]. 
[2023-11-27 01:22:35]: Peer [1002] has downloaded the piece [93] from [1001]. Now the number of pieces it has is [42]. 
[2023-11-27 01:22:35]: Peer [1002] has downloaded the piece [83] from [1001]. Now the number of pieces it has is [43]. 
[2023-11-27 01:22:35]: Peer [1002] has downloaded the piece [70] from [1001]. Now the number of pieces it has is [44]. 
[2023-11-27 01:22:35]: Peer [1002] has downloaded the piece [106] from [1001]. Now the number of pieces it has is [45]. 
[2023-11-27 01:22:35]: Peer [1002] has downloaded the piece [107] from [1001]. Now the number of pieces it has is [46]. 
[2023-11-27 01:22:35]: Peer [1002] has downloaded the piece [124] from [1001]. Now the number of pieces it has is [47]. 
[2023-11-27 01:22:35]: Peer [1002] has downloaded the piece [81] from [1001]. Now the number of pieces it has is [48]. 
[2023-11-27 01:22:35]: Peer [1002] has downloaded the piece [3] from [1001]. Now the number of pieces it has is [49]. 
[2023-11-27 01:22:35]: Peer [1002] has downloaded the piece [55] from [1001]. Now the number of pieces it has is [50]. 
[2023-11-27 01:22:35]: Peer [1002] has downloaded the piece [28] from [1001]. Now the number of pieces it has is [51]. 
[2023-11-27 01:22:35]: Peer [1002] has downloaded the piece [129] from [1001]. Now the number of pieces it has is [52]. 
[2023-11-27 01:22:35]: Peer [1002] has downloaded the piece [122] from [1001]. Now the number of pieces it has is [53]. 
[2023-11-27 01:22:35]: Peer [1002] has downloaded the piece [117] from [1001]. Now the number of pieces it has is [54]. 
[2023-11-27 01:22:35]: Peer [1002] has downloaded the piece [105] from [1001]. Now the number of pieces it has is [55]. 
[2023-11-27 01:22:37]: Peer 1002 has the preferred neighbors [].
 
[2023-11-27 01:22:40]: Peer 1002 is unchoked by [1001].
 
[2023-11-27 01:22:40]: Peer [1002] has downloaded the piece [21] from [1001]. Now the number of pieces it has is [56]. 
[2023-11-27 01:22:40]: Peer [1002] has downloaded the piece [20] from [1001]. Now the number of pieces it has is [57]. 
[2023-11-27 01:22:40]: Peer [1002] has downloaded the piece [30] from [1001]. Now the number of pieces it has is [58]. 
[2023-11-27 01:22:40]: Peer [1002] has downloaded the piece [116] from [1001]. Now the number of pieces it has is [59]. 
[2023-11-27 01:22:40]: Peer [1002] has downloaded the piece [57] from [1001]. Now the number of pieces it has is [60]. 
[2023-11-27 01:22:40]: Peer [1002] has downloaded the piece [92] from [1001]. Now the number of pieces it has is [61]. 
[2023-11-27 01:22:40]: Peer [1002] has downloaded the piece [39] from [1001]. Now the number of pieces it has is [62]. 
[2023-11-27 01:22:40]: Peer [1002] has downloaded the piece [127] from [1001]. Now the number of pieces it has is [63]. 
[2023-11-27 01:22:42]: Peer 1002 has the preferred neighbors [].
 
[2023-11-27 01:22:45]: Peer 1002 is unchoked by [1001].
 
[2023-11-27 01:22:45]: Peer 1002 is unchoked by [1001].
 
[2023-11-27 01:22:47]: Peer 1002 has the preferred neighbors [].
 
[2023-11-27 01:22:50]: Peer 1002 is unchoked by [1001].
 
[2023-11-27 01:22:50]: Peer [1002] has downloaded the piece [73] from [1001]. Now the number of pieces it has is [64]. 
[2023-11-27 01:22:50]: Peer [1002] has downloaded the piece [7] from [1001]. Now the number of pieces it has is [65]. 
[2023-11-27 01:22:50]: Peer [1002] has downloaded the piece [1] from [1001]. Now the number of pieces it has is [66]. 
[2023-11-27 01:22:50]: Peer [1002] has downloaded the piece [84] from [1001]. Now the number of pieces it has is [67]. 
[2023-11-27 01:22:50]: Peer [1002] has downloaded the piece [46] from [1001]. Now the number of pieces it has is [68]. 
[2023-11-27 01:22:50]: Peer [1002] has downloaded the piece [69] from [1001]. Now the number of pieces it has is [69]. 
[2023-11-27 01:22:50]: Peer [1002] has downloaded the piece [71] from [1001]. Now the number of pieces it has is [70]. 
[2023-11-27 01:22:52]: Peer 1002 has the preferred neighbors [].
 
[2023-11-27 01:22:55]: Peer 1002 is unchoked by [1001].
 
[2023-11-27 01:22:55]: Peer 1002 is unchoked by [1001].
 
[2023-11-27 01:22:55]: Peer [1002] has downloaded the piece [2] from [1001]. Now the number of pieces it has is [71]. 
[2023-11-27 01:22:55]: Peer [1002] has downloaded the piece [26] from [1001]. Now the number of pieces it has is [72]. 
[2023-11-27 01:22:55]: Peer [1002] has downloaded the piece [108] from [1001]. Now the number of pieces it has is [73]. 
[2023-11-27 01:22:55]: Peer [1002] has downloaded the piece [52] from [1001]. Now the number of pieces it has is [74]. 
[2023-11-27 01:22:57]: Peer 1002 has the preferred neighbors [].
 
[2023-11-27 01:23:00]: Peer 1002 is unchoked by [1001].
 
[2023-11-27 01:23:02]: Peer 1002 has the preferred neighbors [].
 
[2023-11-27 01:23:05]: Peer 1002 is unchoked by [1001].
 
[2023-11-27 01:23:05]: Peer 1002 is unchoked by [1001].
 
[2023-11-27 01:23:05]: Peer [1002] has downloaded the piece [13] from [1001]. Now the number of pieces it has is [75]. 
[2023-11-27 01:23:05]: Peer [1002] has downloaded the piece [12] from [1001]. Now the number of pieces it has is [76]. 
[2023-11-27 01:23:05]: Peer [1002] has downloaded the piece [76] from [1001]. Now the number of pieces it has is [77]. 
[2023-11-27 01:23:05]: Peer [1002] has downloaded the piece [68] from [1001]. Now the number of pieces it has is [78]. 
[2023-11-27 01:23:05]: Peer [1002] has downloaded the piece [100] from [1001]. Now the number of pieces it has is [79]. 
[2023-11-27 01:23:05]: Peer [1002] has downloaded the piece [85] from [1001]. Now the number of pieces it has is [80]. 
[2023-11-27 01:23:07]: Peer 1002 has the preferred neighbors [].
 
[2023-11-27 01:23:10]: Peer 1002 is unchoked by [1001].
 
[2023-11-27 01:23:10]: Peer [1002] has downloaded the piece [54] from [1001]. Now the number of pieces it has is [81]. 
[2023-11-27 01:23:10]: Peer [1002] has downloaded the piece [42] from [1001]. Now the number of pieces it has is [82]. 
[2023-11-27 01:23:10]: Peer [1002] has downloaded the piece [102] from [1001]. Now the number of pieces it has is [83]. 
[2023-11-27 01:23:10]: Peer [1002] has downloaded the piece [58] from [1001]. Now the number of pieces it has is [84]. 
[2023-11-27 01:23:10]: Peer [1002] has downloaded the piece [131] from [1001]. Now the number of pieces it has is [85]. 
[2023-11-27 01:23:10]: Peer [1002] has downloaded the piece [41] from [1001]. Now the number of pieces it has is [86]. 
[2023-11-27 01:23:10]: Peer [1002] has downloaded the piece [66] from [1001]. Now the number of pieces it has is [87]. 
[2023-11-27 01:23:10]: Peer [1002] has downloaded the piece [94] from [1001]. Now the number of pieces it has is [88]. 
[2023-11-27 01:23:10]: Peer [1002] has downloaded the piece [74] from [1001]. Now the number of pieces it has is [89]. 
[2023-11-27 01:23:10]: Peer [1002] has downloaded the piece [75] from [1001]. Now the number of pieces it has is [90]. 
[2023-11-27 01:23:10]: Peer [1002] has downloaded the piece [53] from [1001]. Now the number of pieces it has is [91]. 
[2023-11-27 01:23:12]: Peer 1002 has the preferred neighbors [].
 
[2023-11-27 01:23:15]: Peer 1002 is unchoked by [1001].
 
[2023-11-27 01:23:15]: Peer 1002 is unchoked by [1001].
 
[2023-11-27 01:23:17]: Peer 1002 has the preferred neighbors [].
 
[2023-11-27 01:23:20]: Peer 1002 is unchoked by [1001].
 
[2023-11-27 01:23:20]: Peer [1002] has downloaded the piece [14] from [1001]. Now the number of pieces it has is [92]. 
[2023-11-27 01:23:22]: Peer 1002 has the preferred neighbors [].
 
[2023-11-27 01:23:25]: Peer 1002 is unchoked by [1001].
 
[2023-11-27 01:23:25]: Peer 1002 is unchoked by [1001].
 
[2023-11-27 01:23:25]: Peer [1002] has downloaded the piece [60] from [1001]. Now the number of pieces it has is [93]. 
[2023-11-27 01:23:25]: Peer [1002] has downloaded the piece [95] from [1001]. Now the number of pieces it has is [94]. 
[2023-11-27 01:23:25]: Peer [1002] has downloaded the piece [61] from [1001]. Now the number of pieces it has is [95]. 
[2023-11-27 01:23:27]: Peer 1002 has the preferred neighbors [].
 
[2023-11-27 01:23:30]: Peer 1002 is unchoked by [1001].
 
[2023-11-27 01:23:30]: Peer [1002] has downloaded the piece [77] from [1001]. Now the number of pieces it has is [96]. 
[2023-11-27 01:23:30]: Peer [1002] has downloaded the piece [67] from [1001]. Now the number of pieces it has is [97]. 
[2023-11-27 01:23:32]: Peer 1002 has the preferred neighbors [].
 
[2023-11-27 01:23:35]: Peer 1002 is unchoked by [1001].
 
[2023-11-27 01:23:35]: Peer 1002 is unchoked by [1001].
 
[2023-11-27 01:23:35]: Peer [1002] has downloaded the piece [49] from [1001]. Now the number of pieces it has is [98]. 
[2023-11-27 01:23:35]: Peer [1002] has downloaded the piece [18] from [1001]. Now the number of pieces it has is [99]. 
[2023-11-27 01:23:35]: Peer [1002] has downloaded the piece [29] from [1001]. Now the number of pieces it has is [100]. 
[2023-11-27 01:23:35]: Peer [1002] has downloaded the piece [44] from [1001]. Now the number of pieces it has is [101]. 
[2023-11-27 01:23:35]: Peer [1002] has downloaded the piece [130] from [1001]. Now the number of pieces it has is [102]. 
[2023-11-27 01:23:35]: Peer [1002] has downloaded the piece [38] from [1001]. Now the number of pieces it has is [103]. 
[2023-11-27 01:23:37]: Peer 1002 has the preferred neighbors [].
 
[2023-11-27 01:23:40]: Peer 1002 is unchoked by [1001].
 
[2023-11-27 01:23:40]: Peer [1002] has downloaded the piece [34] from [1001]. Now the number of pieces it has is [104]. 
[2023-11-27 01:23:42]: Peer 1002 has the preferred neighbors [].
 
[2023-11-27 01:23:45]: Peer 1002 is unchoked by [1001].
 
[2023-11-27 01:23:45]: Peer 1002 is unchoked by [1001].
 
[2023-11-27 01:23:45]: Peer [1002] has downloaded the piece [119] from [1001]. Now the number of pieces it has is [105]. 
[2023-11-27 01:23:45]: Peer [1002] has downloaded the piece [101] from [1001]. Now the number of pieces it has is [106]. 
[2023-11-27 01:23:45]: Peer [1002] has downloaded the piece [103] from [1001]. Now the number of pieces it has is [107]. 
[2023-11-27 01:23:45]: Peer [1002] has downloaded the piece [111] from [1001]. Now the number of pieces it has is [108]. 
[2023-11-27 01:23:45]: Peer [1002] has downloaded the piece [27] from [1001]. Now the number of pieces it has is [109]. 
[2023-11-27 01:23:45]: Peer [1002] has downloaded the piece [89] from [1001]. Now the number of pieces it has is [110]. 
[2023-11-27 01:23:47]: Peer 1002 has the preferred neighbors [].
 
[2023-11-27 01:23:50]: Peer 1002 is unchoked by [1001].
 
[2023-11-27 01:23:52]: Peer 1002 has the preferred neighbors [].
 
[2023-11-27 01:23:55]: Peer 1002 is unchoked by [1001].
 
[2023-11-27 01:23:55]: Peer 1002 is unchoked by [1001].
 
[2023-11-27 01:23:55]: Peer [1002] has downloaded the piece [25] from [1001]. Now the number of pieces it has is [111]. 
[2023-11-27 01:23:57]: Peer 1002 has the preferred neighbors [].
 
[2023-11-27 01:24:00]: Peer 1002 is unchoked by [1001].
 
[2023-11-27 01:24:02]: Peer 1002 has the preferred neighbors [].
 
[2023-11-27 01:24:05]: Peer 1002 is unchoked by [1001].
 
[2023-11-27 01:24:05]: Peer 1002 is unchoked by [1001].
 
[2023-11-27 01:24:07]: Peer 1002 has the preferred neighbors [].
 
[2023-11-27 01:24:10]: Peer 1002 is unchoked by [1001].
 
[2023-11-27 01:24:10]: Peer [1002] has downloaded the piece [51] from [1001]. Now the number of pieces it has is [112]. 
[2023-11-27 01:24:12]: Peer 1002 has the preferred neighbors [].
 
[2023-11-27 01:24:15]: Peer 1002 is unchoked by [1001].
 
[2023-11-27 01:24:15]: Peer 1002 is unchoked by [1001].
 
[2023-11-27 01:24:17]: Peer 1002 has the preferred neighbors [].
 
[2023-11-27 01:24:20]: Peer 1002 is unchoked by [1001].
 
[2023-11-27 01:24:22]: Peer 1002 has the preferred neighbors [].
 
[2023-11-27 01:24:25]: Peer 1002 is unchoked by [1001].
 
[2023-11-27 01:24:25]: Peer 1002 is unchoked by [1001].
 
[2023-11-27 01:24:27]: Peer 1002 has the preferred neighbors [].
 
[2023-11-27 01:24:30]: Peer 1002 is unchoked by [1001].
 
[2023-11-27 01:24:32]: Peer 1002 has the preferred neighbors [].
 
[2023-11-27 01:24:35]: Peer 1002 is unchoked by [1001].
 
[2023-11-27 01:24:35]: Peer 1002 is unchoked by [1001].
 
[2023-11-27 01:24:35]: Peer [1002] has downloaded the piece [109] from [1001]. Now the number of pieces it has is [113]. 
[2023-11-27 01:24:35]: Peer [1002] has downloaded the piece [17] from [1001]. Now the number of pieces it has is [114]. 
[2023-11-27 01:24:37]: Peer 1002 has the preferred neighbors [].
 
[2023-11-27 01:24:40]: Peer 1002 is unchoked by [1001].
 
[2023-11-27 01:24:42]: Peer 1002 has the preferred neighbors [].
 
[2023-11-27 01:24:45]: Peer 1002 is unchoked by [1001].
 
[2023-11-27 01:24:45]: Peer 1002 is unchoked by [1001].
 
[2023-11-27 01:24:45]: Peer [1002] has downloaded the piece [114] from [1001]. Now the number of pieces it has is [115]. 
[2023-11-27 01:24:47]: Peer 1002 has the preferred neighbors [].
 
[2023-11-27 01:24:50]: Peer 1002 is unchoked by [1001].
 
[2023-11-27 01:24:52]: Peer 1002 has the preferred neighbors [].
 
[2023-11-27 01:24:55]: Peer 1002 is unchoked by [1001].
 
[2023-11-27 01:24:55]: Peer 1002 is unchoked by [1001].
 
[2023-11-27 01:24:57]: Peer 1002 has the preferred neighbors [].
 
[2023-11-27 01:25:00]: Peer 1002 is unchoked by [1001].
 
[2023-11-27 01:25:02]: Peer 1002 has the preferred neighbors [].
 
[2023-11-27 01:25:05]: Peer 1002 is unchoked by [1001].
 
[2023-11-27 01:25:05]: Peer 1002 is unchoked by [1001].
 
[2023-11-27 01:25:07]: Peer 1002 has the preferred neighbors [].
 
[2023-11-27 01:25:10]: Peer 1002 is unchoked by [1001].
 
[2023-11-27 01:25:12]: Peer 1002 has the preferred neighbors [].
 
[2023-11-27 01:25:15]: Peer 1002 is unchoked by [1001].
 
[2023-11-27 01:25:15]: Peer 1002 is unchoked by [1001].
 
[2023-11-27 01:25:17]: Peer 1002 has the preferred neighbors [].
 
[2023-11-27 01:25:20]: Peer 1002 is unchoked by [1001].
 
[2023-11-27 01:25:22]: Peer 1002 has the preferred neighbors [].
 
[2023-11-27 01:25:25]: Peer 1002 is unchoked by [1001].
 
[2023-11-27 01:25:25]: Peer 1002 is unchoked by [1001].
 
[2023-11-27 01:25:27]: Peer 1002 has the preferred neighbors [].
 
[2023-11-27 01:25:30]: Peer 1002 is unchoked by [1001].
 
[2023-11-27 01:25:32]: Peer 1002 has the preferred neighbors [].
 
[2023-11-27 01:25:35]: Peer 1002 is unchoked by [1001].
 
[2023-11-27 01:25:35]: Peer 1002 is unchoked by [1001].
 
[2023-11-27 01:25:37]: Peer 1002 has the preferred neighbors [].
 
[2023-11-27 01:25:40]: Peer 1002 is unchoked by [1001].
 
[2023-11-27 01:25:42]: Peer 1002 has the preferred neighbors [].
 
[2023-11-27 01:25:45]: Peer 1002 is unchoked by [1001].
 
[2023-11-27 01:25:45]: Peer 1002 is unchoked by [1001].
 
[2023-11-27 01:25:47]: Peer 1002 has the preferred neighbors [].
 
[2023-11-27 01:25:50]: Peer 1002 is unchoked by [1001].
 
[2023-11-27 01:25:52]: Peer 1002 has the preferred neighbors [].
 
[2023-11-27 01:25:55]: Peer 1002 is unchoked by [1001].
 
[2023-11-27 01:25:55]: Peer 1002 is unchoked by [1001].
 
[2023-11-27 01:25:57]: Peer 1002 has the preferred neighbors [].
 
[2023-11-27 01:26:00]: Peer 1002 is unchoked by [1001].
 
[2023-11-27 01:26:02]: Peer 1002 has the preferred neighbors [].
 
[2023-11-27 01:26:05]: Peer 1002 is unchoked by [1001].
 
[2023-11-27 01:26:05]: Peer 1002 is unchoked by [1001].
 
[2023-11-27 01:26:07]: Peer 1002 has the preferred neighbors [].
 
[2023-11-27 01:26:10]: Peer 1002 is unchoked by [1001].
 
[2023-11-27 01:26:12]: Peer 1002 has the preferred neighbors [].
 
[2023-11-27 01:26:15]: Peer 1002 is unchoked by [1001].
 
[2023-11-27 01:26:15]: Peer 1002 is unchoked by [1001].
 
[2023-11-27 01:26:17]: Peer 1002 has the preferred neighbors [].
 
[2023-11-27 01:26:20]: Peer 1002 is unchoked by [1001].
 
[2023-11-27 01:26:22]: Peer 1002 has the preferred neighbors [].
 
[2023-11-27 01:26:25]: Peer 1002 is unchoked by [1001].
 
[2023-11-27 01:26:25]: Peer 1002 is unchoked by [1001].
 
[2023-11-27 01:26:27]: Peer 1002 has the preferred neighbors [].
 
[2023-11-27 01:26:30]: Peer 1002 is unchoked by [1001].
 
[2023-11-27 01:26:32]: Peer 1002 has the preferred neighbors [].
 
[2023-11-27 01:26:35]: Peer 1002 is unchoked by [1001].
 
[2023-11-27 01:26:35]: Peer 1002 is unchoked by [1001].
 
[2023-11-27 01:26:37]: Peer 1002 has the preferred neighbors [].
 
[2023-11-27 01:26:40]: Peer 1002 is unchoked by [1001].
 
[2023-11-27 01:26:42]: Peer 1002 has the preferred neighbors [].
 
[2023-11-27 01:26:45]: Peer 1002 is unchoked by [1001].
 
[2023-11-27 01:26:45]: Peer 1002 is unchoked by [1001].
 
[2023-11-27 01:26:47]: Peer 1002 has the preferred neighbors [].
 
[2023-11-27 01:26:50]: Peer 1002 is unchoked by [1001].
 
[2023-11-27 01:26:52]: Peer 1002 has the preferred neighbors [].
 
[2023-11-27 01:26:55]: Peer 1002 is unchoked by [1001].
 
[2023-11-27 01:26:55]: Peer 1002 is unchoked by [1001].
 
[2023-11-27 01:26:57]: Peer 1002 has the preferred neighbors [].
 
[2023-11-27 01:27:00]: Peer 1002 is unchoked by [1001].
 
[2023-11-27 01:27:02]: Peer 1002 has the preferred neighbors [].
 
[2023-11-27 01:27:05]: Peer 1002 is unchoked by [1001].
 
[2023-11-27 01:27:05]: Peer 1002 is unchoked by [1001].
 
[2023-11-27 01:27:07]: Peer 1002 has the preferred neighbors [].
 
[2023-11-27 01:27:10]: Peer 1002 is unchoked by [1001].
 
[2023-11-27 01:27:12]: Peer 1002 has the preferred neighbors [].
 
[2023-11-27 01:27:15]: Peer 1002 is unchoked by [1001].
 
[2023-11-27 01:27:15]: Peer 1002 is unchoked by [1001].
 
[2023-11-27 01:27:17]: Peer 1002 has the preferred neighbors [].
 
[2023-11-27 01:27:20]: Peer 1002 is unchoked by [1001].
 
[2023-11-27 01:27:22]: Peer 1002 has the preferred neighbors [].
 
[2023-11-27 01:27:25]: Peer 1002 is unchoked by [1001].
 
[2023-11-27 01:27:25]: Peer 1002 is unchoked by [1001].
 
[2023-11-27 01:27:27]: Peer 1002 has the preferred neighbors [].
 
[2023-11-27 01:27:30]: Peer 1002 is unchoked by [1001].
 
[2023-11-27 01:27:32]: Peer 1002 has the preferred neighbors [].
 
[2023-11-27 01:27:35]: Peer 1002 is unchoked by [1001].
 
[2023-11-27 01:27:35]: Peer 1002 is unchoked by [1001].
 
[2023-11-27 01:27:37]: Peer 1002 has the preferred neighbors [].
 
[2023-11-27 01:27:40]: Peer 1002 is unchoked by [1001].
 
[2023-11-27 01:27:42]: Peer 1002 has the preferred neighbors [].
 
[2023-11-27 01:27:45]: Peer 1002 is unchoked by [1001].
 
[2023-11-27 01:27:45]: Peer 1002 is unchoked by [1001].
 
[2023-11-27 01:27:47]: Peer 1002 has the preferred neighbors [].
 
[2023-11-27 01:27:50]: Peer 1002 is unchoked by [1001].
 
[2023-11-27 01:27:52]: Peer 1002 has the preferred neighbors [].
 
[2023-11-27 01:27:55]: Peer 1002 is unchoked by [1001].
 
[2023-11-27 01:27:55]: Peer 1002 is unchoked by [1001].
 
[2023-11-27 01:27:57]: Peer 1002 has the preferred neighbors [].
 
[2023-11-27 01:28:00]: Peer 1002 is unchoked by [1001].
 
[2023-11-27 01:28:02]: Peer 1002 has the preferred neighbors [].
 
[2023-11-27 01:28:05]: Peer 1002 is unchoked by [1001].
 
[2023-11-27 01:28:05]: Peer 1002 is unchoked by [1001].
 
[2023-11-27 01:28:07]: Peer 1002 has the preferred neighbors [].
 
[2023-11-27 01:28:10]: Peer 1002 is unchoked by [1001].
 
[2023-11-27 01:28:12]: Peer 1002 has the preferred neighbors [].
 
[2023-11-27 01:28:15]: Peer 1002 is unchoked by [1001].
 
[2023-11-27 01:28:15]: Peer 1002 is unchoked by [1001].
 
[2023-11-27 01:28:15]: Peer [1002] has downloaded the piece [37] from [1001]. Now the number of pieces it has is [116]. 
[2023-11-27 01:28:17]: Peer 1002 has the preferred neighbors [].
 
[2023-11-27 01:28:20]: Peer 1002 is unchoked by [1001].
 
[2023-11-27 01:28:22]: Peer 1002 has the preferred neighbors [].
 
[2023-11-27 01:28:25]: Peer 1002 is unchoked by [1001].
 
[2023-11-27 01:28:25]: Peer 1002 is unchoked by [1001].
 
[2023-11-27 01:28:27]: Peer 1002 has the preferred neighbors [].
 
[2023-11-27 01:28:30]: Peer 1002 is unchoked by [1001].
 
[2023-11-27 01:28:32]: Peer 1002 has the preferred neighbors [].
 
[2023-11-27 01:28:35]: Peer 1002 is unchoked by [1001].
 
[2023-11-27 01:28:35]: Peer 1002 is unchoked by [1001].
 
[2023-11-27 01:28:37]: Peer 1002 has the preferred neighbors [].
 
[2023-11-27 01:28:40]: Peer 1002 is unchoked by [1001].
 
[2023-11-27 01:28:42]: Peer 1002 has the preferred neighbors [].
 
